Arguments: 
  C:\Program Files\nodejs\node.exe C:\Users\Lenovo\AppData\Roaming\npm\node_modules\yarn\bin\yarn.js add @react-navigation/stack react-native-gifted-chat

PATH: 
  C:\Program Files\Common Files\Oracle\Java\javapath;C:\Program Files (x86)\Common Files\Oracle\Java\javapath;C:\WINDOWS\system32;C:\WINDOWS;C:\WINDOWS\System32\Wbem;C:\WINDOWS\System32\WindowsPowerShell\v1.0\;C:\WINDOWS\System32\OpenSSH\;C:\Program Files\nodejs\;C:\Program Files\Git\cmd;C:\Program Files\MySQL\MySQL Shell 8.0\bin\;C:\Users\Lenovo\AppData\Local\Microsoft\WindowsApps;C:\Users\Lenovo\AppData\Local\Programs\Microsoft VS Code\bin;C:\Users\Lenovo\AppData\Roaming\npm;C:\Users\Lenovo\AppData\Local\Android\Sdk\platform-tools;C:\Program Files\nodejs;

Yarn version: 
  1.22.19

Node version: 
  16.17.0

Platform: 
  win32 x64

Trace: 
  Error: EBUSY: resource busy or locked, copyfile 'C:\Users\Lenovo\AppData\Local\Yarn\Cache\v6\npm-lodash-4.17.21-679591c564c3bffaae8454cf0b3df370c3d6911c-integrity\node_modules\lodash\camelCase.js' -> 'C:\Users\Lenovo\ChatApp\node_modules\lodash\camelCase.js'

npm manifest: 
  {
    "name": "chatapp",
    "version": "1.0.0",
    "main": "node_modules/expo/AppEntry.js",
    "scripts": {
      "start": "expo start",
      "android": "expo start --android",
      "ios": "expo start --ios",
      "web": "expo start --web",
      "eject": "expo eject"
    },
    "dependencies": {
      "@react-native-community/masked-view": "^0.1.11",
      "@react-navigation/native": "^6.0.6",
      "@react-navigation/stack": "^6.0.11",
      "dotenv": "^11.0.0",
      "expo": "~44.0.0",
      "expo-constants": "~13.0.0",
      "expo-status-bar": "~1.2.0",
      "firebase": "^9.9.3",
      "react": "17.0.1",
      "react-dom": "17.0.1",
      "react-native": "0.64.3",
      "react-native-gesture-handler": "~2.1.0",
      "react-native-gifted-chat": "^0.16.3",
      "react-native-safe-area-context": "3.3.2",
      "react-native-screens": "~3.10.1",
      "react-native-web": "0.17.1"
    },
    "devDependencies": {
      "@babel/core": "^7.12.9"
    },
    "private": true
  }

yarn manifest: 
  No manifest

Lockfile: 
  No lockfile
